<?xml version="1.0" encoding="UTF-8"?>
<!-- Generated by org.testng.reporters.JUnitReportReporter -->
<testsuite hostname="RaviKiran" name="com.screencapture.ScreenCapture" tests="1" failures="0" timestamp="8 Dec 2015 16:05:20 GMT" time="17.829" errors="0">
  <testcase name="screen1" time="17.829" classname="com.screencapture.ScreenCapture"/>
</testsuite> <!-- com.screencapture.ScreenCapture -->
