<?xml version="1.0" encoding="UTF-8"?>
<!-- Generated by org.testng.reporters.JUnitReportReporter -->
<testsuite hostname="RaviKiran" name="guru99demoproject.TestCase4" tests="1" failures="0" timestamp="24 Dec 2015 17:43:42 GMT" time="12.880" errors="0">
  <testcase name="testTestCase4" time="12.880" classname="guru99demoproject.TestCase4"/>
</testsuite> <!-- guru99demoproject.TestCase4 -->
