<?xml version="1.0" encoding="UTF-8"?>
<!-- Generated by org.testng.reporters.JUnitReportReporter -->
<testsuite hostname="RaviKiran" name="guru99demoproject.Project2Day1" tests="1" failures="0" timestamp="12 Dec 2015 15:16:12 GMT" time="23.158" errors="0">
  <testcase name="method1" time="23.158" classname="guru99demoproject.Project2Day1"/>
</testsuite> <!-- guru99demoproject.Project2Day1 -->
