<?xml version="1.0" encoding="UTF-8"?>
<!-- Generated by org.testng.reporters.JUnitReportReporter -->
<testsuite hostname="RaviKiran" name="guru99demoproject.TestCase1" tests="1" failures="0" timestamp="14 Dec 2015 15:48:46 GMT" time="54.469" errors="0">
  <testcase name="method1" time="54.469" classname="guru99demoproject.TestCase1"/>
</testsuite> <!-- guru99demoproject.TestCase1 -->
