<?xml version="1.0" encoding="UTF-8"?>
<!-- Generated by org.testng.reporters.JUnitReportReporter -->
<testsuite hostname="RaviKiran" name="pomtest.DefaultLogin" tests="1" failures="0" timestamp="20 Nov 2015 12:14:40 GMT" time="0.582" errors="0">
  <testcase name="doingLogin" time="0.582" classname="pomtest.DefaultLogin"/>
</testsuite> <!-- pomtest.DefaultLogin -->
